0 silly input [ 'build' ]
1 silly flags { _: [ 'run' ],
1 silly flags   'reject-cycles': false,
1 silly flags   rejectCycles: false,
1 silly flags   script: 'build',
1 silly flags   args: [] }
2 verbose rootPath D:\repository\gsickminds
3 info version 2.9.1
4 silly existsSync D:\repository\gsickminds\VERSION
5 info versioning independent
6 silly initialize attempt
7 silly initialize success
8 silly execute attempt
9 silly runScriptInDir build [] client
10 silly getExecOpts { cwd: 'D:\\repository\\gsickminds\\packages\\client' }
11 silly runScriptInDir build [] server
12 silly getExecOpts { cwd: 'D:\\repository\\gsickminds\\packages\\server' }
13 error build Errored while running script in 'gsickminds-client-angular'
14 error execute callback with error
15 error Error: Command failed: npm run build
15 error [0m[0m
15 error [0m[1m[31mERROR in : Cannot determine the module for class VenueComponent in D:/repository/gsickminds/packages/client/src/app/venue/venue.component.ts! Add VenueComponent to the NgModule to fix it.[39m[22m[0m
15 error [0m[1m[31msrc/app/pages/about/about.component.ts(20,1): error TS1128: Declaration or statement expected.[39m[22m[0m
15 error [0m[1m[31m[39m[22m[0m
15 error npm ERR! code ELIFECYCLE
15 error npm ERR! errno 1
15 error npm ERR! gsickminds-client-angular@0.0.0 build: `ng build --prod`
15 error npm ERR! Exit status 1
15 error npm ERR!
15 error npm ERR! Failed at the gsickminds-client-angular@0.0.0 build script.
15 error npm ERR! This is probably not a problem with npm. There is likely additional logging output above.
15 error
15 error npm ERR! A complete log of this run can be found in:
15 error npm ERR!     C:\Users\silve\AppData\Roaming\npm-cache\_logs\2018-04-02T15_55_20_285Z-debug.log
15 error
15 error > gsickminds-client-angular@0.0.0 build D:\repository\gsickminds\packages\client
15 error > ng build --prod
15 error
15 error
15 error @angular/compiler-cli@5.2.9 requires typescript@'>=2.4.2 <2.7.0' but 2.8.1 was found instead.
15 error Using this version can result in undefined behaviour and difficult to debug problems.
15 error
15 error Please run the following command to install a compatible version of TypeScript.
15 error
15 error     npm install typescript@'>=2.4.2 <2.7.0'
15 error
15 error To disable this warning run "ng set warnings.typescriptMismatch=false".
15 error
15 error [0mDate: [1m[37m2018-04-02T15:55:20.234Z[39m[22m[0m
15 error [0mHash: [1m[37m8211d2ca5d4dbc07fdac[39m[22m[0m
15 error [0mTime: [1m[37m6242[39m[22mms[0m
15 error [0mchunk {[1m[33m0[39m[22m} [1m[32mstyles.9371660da200bf67e93d.bundle.css[39m[22m (styles) 179 kB [1m[33m[initial][39m[22m[1m[32m [rendered][39m[22m[0m
15 error [0mchunk {[1m[33m1[39m[22m} [1m[32mpolyfills.997d8cc03812de50ae67.bundle.js[39m[22m (polyfills) 84 bytes [1m[33m[initial][39m[22m[1m[32m [rendered][39m[22m[0m
15 error [0mchunk {[1m[33m2[39m[22m} [1m[32mmain.ee32620ecd1edff94184.bundle.js[39m[22m (main) 84 bytes [1m[33m[initial][39m[22m[1m[32m [rendered][39m[22m[0m
15 error [0mchunk {[1m[33m3[39m[22m} [1m[32minline.318b50c57b4eba3d437b.bundle.js[39m[22m (inline) 796 bytes [1m[33m[entry][39m[22m[1m[32m [rendered][39m[22m[0m
15 error
15 error     at Promise.all.then.arr (D:\repository\gsickminds\node_modules\execa\index.js:236:11)
15 error     at <anonymous>
